<?xml version="1.0" encoding="UTF-8"?>
<!-- Generated by org.testng.reporters.JUnitReportReporter -->
<testsuite hostname="DESKTOP-3R73L8V" failures="0" tests="1" name="com.nopcommerce.testCases.TC_AddCustomerTest_003" time="47.750" errors="0" timestamp="17 Dec 2018 06:46:07 GMT" skipped="0">
  <testcase classname="com.nopcommerce.testCases.TC_AddCustomerTest_003" name="addNewCustomer" time="47.750"/>
</testsuite> <!-- com.nopcommerce.testCases.TC_AddCustomerTest_003 -->
